<?xml version="1.0" encoding="UTF-8"?>
<testsuite xmlns:xsi="http://www.w3.org/2001/XMLSchema-instance" xsi:noNamespaceSchemaLocation="https://maven.apache.org/surefire/maven-surefire-plugin/xsd/surefire-test-report-3.0.xsd" version="3.0" name="com.thinking.payment.RefundCalculatorTest" time="0.037" tests="6" errors="0" skipped="0" failures="0">
  <properties>
[...]
</properties>
  <testcase name="음수_금액이면_계산_이전에_예외를_던진다" classname="com.thinking.payment.RefundCalculatorTest" time="0.011"/>
  <testcase name="총일수가_0이면_계산_이전에_예외를_던진다" classname="com.thinking.payment.RefundCalculatorTest" time="0.002"/>
  <testcase name="무료환불_경계를_기준으로_전액_또는_일할계산_금액이_환불된다(int, int, int, int)[1]" classname="com.thinking.payment.RefundCalculatorTest" time="0.002"/>
  <testcase name="무료환불_경계를_기준으로_전액_또는_일할계산_금액이_환불된다(int, int, int, int)[2]" classname="com.thinking.payment.RefundCalculatorTest" time="0.002"/>
  <testcase name="경과일수가_유효_범위를_벗어나면_예외를_던진다(int, int, int)[1]" classname="com.thinking.payment.RefundCalculatorTest" time="0.005"/>
  <testcase name="경과일수가_유효_범위를_벗어나면_예외를_던진다(int, int, int)[2]" classname="com.thinking.payment.RefundCalculatorTest" time="0.001"/>
</testsuite>